[0.034s] Invoking command in '/home/yaswhar/ros2_ws/src/rasa_hand_pkg/build/rasa_hand_pkg': CMAKE_PREFIX_PATH=${CMAKE_PREFIX_PATH}:/home/yaswhar/ros2_ws/install/yashar_turtle_chase:/home/yaswhar/ros2_ws/install/turtlesim_catch_them_all:/home/yaswhar/ros2_ws/install/my_py_pkg:/home/yaswhar/install/yashar_turtle_chase:/opt/ros/humble /usr/bin/cmake /home/yaswhar/ros2_ws/src/rasa_hand_pkg -DCMAKE_INSTALL_PREFIX=/home/yaswhar/ros2_ws/src/rasa_hand_pkg/install/rasa_hand_pkg
[0.667s] -- The C compiler identification is GNU 11.4.0
[2.682s] -- The CXX compiler identification is GNU 11.4.0
[4.144s] -- Detecting C compiler ABI info
[4.779s] -- Detecting C compiler ABI info - done
[4.795s] -- Check for working C compiler: /usr/bin/cc - skipped
[4.795s] -- Detecting C compile features
[4.796s] -- Detecting C compile features - done
[4.802s] -- Detecting CXX compiler ABI info
[5.408s] -- Detecting CXX compiler ABI info - done
[5.424s] -- Check for working CXX compiler: /usr/bin/c++ - skipped
[5.425s] -- Detecting CXX compile features
[5.426s] -- Detecting CXX compile features - done
[5.431s] -- Found ament_cmake: 1.3.11 (/opt/ros/humble/share/ament_cmake/cmake)
[5.717s] -- Found Python3: /usr/bin/python3 (found version "3.10.12") found components: Interpreter 
[5.898s] -- Found rclcpp: 16.0.12 (/opt/ros/humble/share/rclcpp/cmake)
[6.449s] -- Found rosidl_generator_c: 3.1.6 (/opt/ros/humble/share/rosidl_generator_c/cmake)
[6.460s] -- Found rosidl_adapter: 3.1.6 (/opt/ros/humble/share/rosidl_adapter/cmake)
[6.477s] -- Found rosidl_generator_cpp: 3.1.6 (/opt/ros/humble/share/rosidl_generator_cpp/cmake)
[6.501s] -- Using all available rosidl_typesupport_c: rosidl_typesupport_fastrtps_c;rosidl_typesupport_introspection_c
[6.534s] -- Using all available rosidl_typesupport_cpp: rosidl_typesupport_fastrtps_cpp;rosidl_typesupport_introspection_cpp
[6.625s] -- Found rmw_implementation_cmake: 6.1.2 (/opt/ros/humble/share/rmw_implementation_cmake/cmake)
[6.631s] -- Found rmw_fastrtps_cpp: 6.2.7 (/opt/ros/humble/share/rmw_fastrtps_cpp/cmake)
[11.574s] -- Found OpenSSL: /usr/lib/x86_64-linux-gnu/libcrypto.so (found version "3.0.2")  
[17.241s] -- Found FastRTPS: /opt/ros/humble/include  
[27.291s] -- Using RMW implementation 'rmw_fastrtps_cpp' as default
[27.307s] -- Looking for pthread.h
[27.908s] -- Looking for pthread.h - found
[27.908s] -- Performing Test CMAKE_HAVE_LIBC_PTHREAD
[28.512s] -- Performing Test CMAKE_HAVE_LIBC_PTHREAD - Success
[28.514s] -- Found Threads: TRUE  
[28.616s] -- Found rclpy: 3.3.16 (/opt/ros/humble/share/rclpy/cmake)
[28.619s] -- Found example_interfaces: 0.9.3 (/opt/ros/humble/share/example_interfaces/cmake)
[28.731s] -- Found rosidl_default_generators: 1.2.0 (/opt/ros/humble/share/rosidl_default_generators/cmake)
[29.054s] -- Configuring done
[29.124s] -- Generating done
[29.133s] -- Build files have been written to: /home/yaswhar/ros2_ws/src/rasa_hand_pkg/build/rasa_hand_pkg
[29.150s] Invoked command in '/home/yaswhar/ros2_ws/src/rasa_hand_pkg/build/rasa_hand_pkg' returned '0': CMAKE_PREFIX_PATH=${CMAKE_PREFIX_PATH}:/home/yaswhar/ros2_ws/install/yashar_turtle_chase:/home/yaswhar/ros2_ws/install/turtlesim_catch_them_all:/home/yaswhar/ros2_ws/install/my_py_pkg:/home/yaswhar/install/yashar_turtle_chase:/opt/ros/humble /usr/bin/cmake /home/yaswhar/ros2_ws/src/rasa_hand_pkg -DCMAKE_INSTALL_PREFIX=/home/yaswhar/ros2_ws/src/rasa_hand_pkg/install/rasa_hand_pkg
[29.157s] Invoking command in '/home/yaswhar/ros2_ws/src/rasa_hand_pkg/build/rasa_hand_pkg': CMAKE_PREFIX_PATH=${CMAKE_PREFIX_PATH}:/home/yaswhar/ros2_ws/install/yashar_turtle_chase:/home/yaswhar/ros2_ws/install/turtlesim_catch_them_all:/home/yaswhar/ros2_ws/install/my_py_pkg:/home/yaswhar/install/yashar_turtle_chase:/opt/ros/humble /usr/bin/cmake --build /home/yaswhar/ros2_ws/src/rasa_hand_pkg/build/rasa_hand_pkg -- -j12 -l12
[29.258s] [ 25%] [32mBuilding CXX object CMakeFiles/rasa_hand_pkg.dir/src/cpp_node.cpp.o[0m
[29.259s] [ 50%] [32mBuilding CXX object CMakeFiles/cpp_executable.dir/src/cpp_node.cpp.o[0m
[29.279s] [ 50%] Built target ament_cmake_python_copy_rasa_hand_pkg
[29.869s] running egg_info
[29.872s] creating rasa_hand_pkg.egg-info
[29.874s] writing rasa_hand_pkg.egg-info/PKG-INFO
[29.875s] writing dependency_links to rasa_hand_pkg.egg-info/dependency_links.txt
[29.876s] writing top-level names to rasa_hand_pkg.egg-info/top_level.txt
[29.876s] writing manifest file 'rasa_hand_pkg.egg-info/SOURCES.txt'
[29.881s] reading manifest file 'rasa_hand_pkg.egg-info/SOURCES.txt'
[29.882s] writing manifest file 'rasa_hand_pkg.egg-info/SOURCES.txt'
[29.940s] [ 50%] Built target ament_cmake_python_build_rasa_hand_pkg_egg
[36.150s] [ 75%] [32m[1mLinking CXX executable cpp_executable[0m
[36.185s] [100%] [32m[1mLinking CXX static library librasa_hand_pkg.a[0m
[36.241s] [100%] Built target rasa_hand_pkg
[36.897s] [100%] Built target cpp_executable
[36.916s] Invoked command in '/home/yaswhar/ros2_ws/src/rasa_hand_pkg/build/rasa_hand_pkg' returned '0': CMAKE_PREFIX_PATH=${CMAKE_PREFIX_PATH}:/home/yaswhar/ros2_ws/install/yashar_turtle_chase:/home/yaswhar/ros2_ws/install/turtlesim_catch_them_all:/home/yaswhar/ros2_ws/install/my_py_pkg:/home/yaswhar/install/yashar_turtle_chase:/opt/ros/humble /usr/bin/cmake --build /home/yaswhar/ros2_ws/src/rasa_hand_pkg/build/rasa_hand_pkg -- -j12 -l12
[36.935s] Invoking command in '/home/yaswhar/ros2_ws/src/rasa_hand_pkg/build/rasa_hand_pkg': CMAKE_PREFIX_PATH=${CMAKE_PREFIX_PATH}:/home/yaswhar/ros2_ws/install/yashar_turtle_chase:/home/yaswhar/ros2_ws/install/turtlesim_catch_them_all:/home/yaswhar/ros2_ws/install/my_py_pkg:/home/yaswhar/install/yashar_turtle_chase:/opt/ros/humble /usr/bin/cmake --install /home/yaswhar/ros2_ws/src/rasa_hand_pkg/build/rasa_hand_pkg
[36.945s] -- Install configuration: ""
[36.947s] -- Installing: /home/yaswhar/ros2_ws/src/rasa_hand_pkg/install/rasa_hand_pkg/share/rasa_hand_pkg/environment/pythonpath.sh
[36.948s] -- Installing: /home/yaswhar/ros2_ws/src/rasa_hand_pkg/install/rasa_hand_pkg/share/rasa_hand_pkg/environment/pythonpath.dsv
[36.949s] -- Installing: /home/yaswhar/ros2_ws/src/rasa_hand_pkg/install/rasa_hand_pkg/local/lib/python3.10/dist-packages/rasa_hand_pkg-0.0.0-py3.10.egg-info
[36.950s] -- Installing: /home/yaswhar/ros2_ws/src/rasa_hand_pkg/install/rasa_hand_pkg/local/lib/python3.10/dist-packages/rasa_hand_pkg-0.0.0-py3.10.egg-info/dependency_links.txt
[36.950s] -- Installing: /home/yaswhar/ros2_ws/src/rasa_hand_pkg/install/rasa_hand_pkg/local/lib/python3.10/dist-packages/rasa_hand_pkg-0.0.0-py3.10.egg-info/PKG-INFO
[36.951s] -- Installing: /home/yaswhar/ros2_ws/src/rasa_hand_pkg/install/rasa_hand_pkg/local/lib/python3.10/dist-packages/rasa_hand_pkg-0.0.0-py3.10.egg-info/SOURCES.txt
[36.951s] -- Installing: /home/yaswhar/ros2_ws/src/rasa_hand_pkg/install/rasa_hand_pkg/local/lib/python3.10/dist-packages/rasa_hand_pkg-0.0.0-py3.10.egg-info/top_level.txt
[36.951s] -- Installing: /home/yaswhar/ros2_ws/src/rasa_hand_pkg/install/rasa_hand_pkg/local/lib/python3.10/dist-packages/rasa_hand_pkg
[36.952s] -- Installing: /home/yaswhar/ros2_ws/src/rasa_hand_pkg/install/rasa_hand_pkg/local/lib/python3.10/dist-packages/rasa_hand_pkg/__init__.py
[37.016s] Listing '/home/yaswhar/ros2_ws/src/rasa_hand_pkg/install/rasa_hand_pkg/local/lib/python3.10/dist-packages/rasa_hand_pkg'...
[37.016s] Compiling '/home/yaswhar/ros2_ws/src/rasa_hand_pkg/install/rasa_hand_pkg/local/lib/python3.10/dist-packages/rasa_hand_pkg/__init__.py'...
[37.025s] -- Installing: /home/yaswhar/ros2_ws/src/rasa_hand_pkg/install/rasa_hand_pkg/lib/rasa_hand_pkg/servo_tester_node.py
[37.026s] -- Installing: /home/yaswhar/ros2_ws/src/rasa_hand_pkg/install/rasa_hand_pkg/lib/rasa_hand_pkg/cpp_executable
[37.026s] -- Set runtime path of "/home/yaswhar/ros2_ws/src/rasa_hand_pkg/install/rasa_hand_pkg/lib/rasa_hand_pkg/cpp_executable" to ""
[37.026s] -- Installing: /home/yaswhar/ros2_ws/src/rasa_hand_pkg/install/rasa_hand_pkg/include/rasa_hand_pkg
[37.027s] -- Installing: /home/yaswhar/ros2_ws/src/rasa_hand_pkg/install/rasa_hand_pkg/include/rasa_hand_pkg/cpp_header.hpp
[37.028s] -- Installing: /home/yaswhar/ros2_ws/src/rasa_hand_pkg/install/rasa_hand_pkg/share/rasa_hand_pkg//launch
[37.028s] -- Installing: /home/yaswhar/ros2_ws/src/rasa_hand_pkg/install/rasa_hand_pkg/share/rasa_hand_pkg//launch/rasa_hand._pkg.launch.py
[37.028s] -- Installing: /home/yaswhar/ros2_ws/src/rasa_hand_pkg/install/rasa_hand_pkg/share/ament_index/resource_index/package_run_dependencies/rasa_hand_pkg
[37.029s] -- Installing: /home/yaswhar/ros2_ws/src/rasa_hand_pkg/install/rasa_hand_pkg/share/ament_index/resource_index/parent_prefix_path/rasa_hand_pkg
[37.029s] -- Installing: /home/yaswhar/ros2_ws/src/rasa_hand_pkg/install/rasa_hand_pkg/share/rasa_hand_pkg/environment/ament_prefix_path.sh
[37.030s] -- Installing: /home/yaswhar/ros2_ws/src/rasa_hand_pkg/install/rasa_hand_pkg/share/rasa_hand_pkg/environment/ament_prefix_path.dsv
[37.030s] -- Installing: /home/yaswhar/ros2_ws/src/rasa_hand_pkg/install/rasa_hand_pkg/share/rasa_hand_pkg/environment/path.sh
[37.031s] -- Installing: /home/yaswhar/ros2_ws/src/rasa_hand_pkg/install/rasa_hand_pkg/share/rasa_hand_pkg/environment/path.dsv
[37.031s] -- Installing: /home/yaswhar/ros2_ws/src/rasa_hand_pkg/install/rasa_hand_pkg/share/rasa_hand_pkg/local_setup.bash
[37.032s] -- Installing: /home/yaswhar/ros2_ws/src/rasa_hand_pkg/install/rasa_hand_pkg/share/rasa_hand_pkg/local_setup.sh
[37.032s] -- Installing: /home/yaswhar/ros2_ws/src/rasa_hand_pkg/install/rasa_hand_pkg/share/rasa_hand_pkg/local_setup.zsh
[37.032s] -- Installing: /home/yaswhar/ros2_ws/src/rasa_hand_pkg/install/rasa_hand_pkg/share/rasa_hand_pkg/local_setup.dsv
[37.032s] -- Installing: /home/yaswhar/ros2_ws/src/rasa_hand_pkg/install/rasa_hand_pkg/share/rasa_hand_pkg/package.dsv
[37.033s] -- Installing: /home/yaswhar/ros2_ws/src/rasa_hand_pkg/install/rasa_hand_pkg/share/ament_index/resource_index/packages/rasa_hand_pkg
[37.034s] -- Installing: /home/yaswhar/ros2_ws/src/rasa_hand_pkg/install/rasa_hand_pkg/share/rasa_hand_pkg/cmake/rasa_hand_pkgConfig.cmake
[37.035s] -- Installing: /home/yaswhar/ros2_ws/src/rasa_hand_pkg/install/rasa_hand_pkg/share/rasa_hand_pkg/cmake/rasa_hand_pkgConfig-version.cmake
[37.035s] -- Installing: /home/yaswhar/ros2_ws/src/rasa_hand_pkg/install/rasa_hand_pkg/share/rasa_hand_pkg/package.xml
[37.039s] Invoked command in '/home/yaswhar/ros2_ws/src/rasa_hand_pkg/build/rasa_hand_pkg' returned '0': CMAKE_PREFIX_PATH=${CMAKE_PREFIX_PATH}:/home/yaswhar/ros2_ws/install/yashar_turtle_chase:/home/yaswhar/ros2_ws/install/turtlesim_catch_them_all:/home/yaswhar/ros2_ws/install/my_py_pkg:/home/yaswhar/install/yashar_turtle_chase:/opt/ros/humble /usr/bin/cmake --install /home/yaswhar/ros2_ws/src/rasa_hand_pkg/build/rasa_hand_pkg
