[0.569s] DEBUG:colcon:Command line arguments: ['/usr/bin/colcon', 'build', '--packages-select', 'rasa_hand_pkg']
[0.569s] DEBUG:colcon:Parsed command line arguments: Namespace(log_base=None, log_level=None, verb_name='build', build_base='build', install_base='install', merge_install=False, symlink_install=False, test_result_base=None, continue_on_error=False, executor='parallel', parallel_workers=12, event_handlers=None, ignore_user_meta=False, metas=['./colcon.meta'], base_paths=['.'], packages_ignore=None, packages_ignore_regex=None, paths=None, packages_up_to=None, packages_up_to_regex=None, packages_above=None, packages_above_and_dependencies=None, packages_above_depth=None, packages_select_by_dep=None, packages_skip_by_dep=None, packages_skip_up_to=None, packages_select_build_failed=False, packages_skip_build_finished=False, packages_select_test_failures=False, packages_skip_test_passed=False, packages_select=['rasa_hand_pkg'], packages_skip=None, packages_select_regex=None, packages_skip_regex=None, packages_start=None, packages_end=None, allow_overriding=[], cmake_args=None, cmake_target=None, cmake_target_skip_unavailable=False, cmake_clean_cache=False, cmake_clean_first=False, cmake_force_configure=False, ament_cmake_args=None, catkin_cmake_args=None, catkin_skip_building_tests=False, verb_parser=<colcon_defaults.argument_parser.defaults.DefaultArgumentsDecorator object at 0x7f1cf7e6cf10>, verb_extension=<colcon_core.verb.build.BuildVerb object at 0x7f1cf7ff2380>, main=<bound method BuildVerb.main of <colcon_core.verb.build.BuildVerb object at 0x7f1cf7ff2380>>)
[0.920s] Level 1:colcon.colcon_core.package_discovery:discover_packages(colcon_meta) check parameters
[0.920s] Level 1:colcon.colcon_core.package_discovery:discover_packages(recursive) check parameters
[0.920s] Level 1:colcon.colcon_core.package_discovery:discover_packages(ignore) check parameters
[0.920s] Level 1:colcon.colcon_core.package_discovery:discover_packages(path) check parameters
[0.920s] Level 1:colcon.colcon_core.package_discovery:discover_packages(colcon_meta) discover
[0.920s] Level 1:colcon.colcon_core.package_discovery:discover_packages(recursive) discover
[0.921s] INFO:colcon.colcon_core.package_discovery:Crawling recursively for packages in '/home/yaswhar/ros2_ws/src/rasa_hand_pkg'
[0.921s] Level 1:colcon.colcon_core.package_identification:_identify(.) by extensions ['ignore', 'ignore_ament_install']
[0.921s] Level 1:colcon.colcon_core.package_identification:_identify(.) by extension 'ignore'
[0.921s] Level 1:colcon.colcon_core.package_identification:_identify(.) by extension 'ignore_ament_install'
[0.921s] Level 1:colcon.colcon_core.package_identification:_identify(.) by extensions ['colcon_pkg']
[0.921s] Level 1:colcon.colcon_core.package_identification:_identify(.) by extension 'colcon_pkg'
[0.921s] Level 1:colcon.colcon_core.package_identification:_identify(.) by extensions ['colcon_meta']
[0.921s] Level 1:colcon.colcon_core.package_identification:_identify(.) by extension 'colcon_meta'
[0.922s] Level 1:colcon.colcon_core.package_identification:_identify(.) by extensions ['ros']
[0.922s] Level 1:colcon.colcon_core.package_identification:_identify(.) by extension 'ros'
[0.957s] DEBUG:colcon.colcon_core.package_identification:Package '.' with type 'ros.ament_cmake' and name 'rasa_hand_pkg'
[0.957s] Level 1:colcon.colcon_core.package_discovery:discover_packages(recursive) using defaults
[0.958s] Level 1:colcon.colcon_core.package_discovery:discover_packages(ignore) discover
[0.958s] Level 1:colcon.colcon_core.package_discovery:discover_packages(ignore) using defaults
[0.958s] Level 1:colcon.colcon_core.package_discovery:discover_packages(path) discover
[0.958s] Level 1:colcon.colcon_core.package_discovery:discover_packages(path) using defaults
[1.004s] Level 1:colcon.colcon_core.package_discovery:discover_packages(prefix_path) check parameters
[1.004s] Level 1:colcon.colcon_core.package_discovery:discover_packages(prefix_path) discover
[1.007s] DEBUG:colcon.colcon_installed_package_information.package_discovery:Found 1 installed packages in /home/yaswhar/install
[1.008s] DEBUG:colcon.colcon_installed_package_information.package_discovery:Found 6 installed packages in /home/yaswhar/ros2_ws/install
[1.010s] DEBUG:colcon.colcon_installed_package_information.package_discovery:Found 286 installed packages in /opt/ros/humble
[1.038s] Level 1:colcon.colcon_core.package_discovery:discover_packages(prefix_path) using defaults
[1.118s] Level 5:colcon.colcon_core.verb:set package 'rasa_hand_pkg' build argument 'cmake_args' from command line to 'None'
[1.118s] Level 5:colcon.colcon_core.verb:set package 'rasa_hand_pkg' build argument 'cmake_target' from command line to 'None'
[1.118s] Level 5:colcon.colcon_core.verb:set package 'rasa_hand_pkg' build argument 'cmake_target_skip_unavailable' from command line to 'False'
[1.118s] Level 5:colcon.colcon_core.verb:set package 'rasa_hand_pkg' build argument 'cmake_clean_cache' from command line to 'False'
[1.118s] Level 5:colcon.colcon_core.verb:set package 'rasa_hand_pkg' build argument 'cmake_clean_first' from command line to 'False'
[1.119s] Level 5:colcon.colcon_core.verb:set package 'rasa_hand_pkg' build argument 'cmake_force_configure' from command line to 'False'
[1.119s] Level 5:colcon.colcon_core.verb:set package 'rasa_hand_pkg' build argument 'ament_cmake_args' from command line to 'None'
[1.119s] Level 5:colcon.colcon_core.verb:set package 'rasa_hand_pkg' build argument 'catkin_cmake_args' from command line to 'None'
[1.119s] Level 5:colcon.colcon_core.verb:set package 'rasa_hand_pkg' build argument 'catkin_skip_building_tests' from command line to 'False'
[1.119s] DEBUG:colcon.colcon_core.verb:Building package 'rasa_hand_pkg' with the following arguments: {'ament_cmake_args': None, 'build_base': '/home/yaswhar/ros2_ws/src/rasa_hand_pkg/build/rasa_hand_pkg', 'catkin_cmake_args': None, 'catkin_skip_building_tests': False, 'cmake_args': None, 'cmake_clean_cache': False, 'cmake_clean_first': False, 'cmake_force_configure': False, 'cmake_target': None, 'cmake_target_skip_unavailable': False, 'install_base': '/home/yaswhar/ros2_ws/src/rasa_hand_pkg/install/rasa_hand_pkg', 'merge_install': False, 'path': '/home/yaswhar/ros2_ws/src/rasa_hand_pkg', 'symlink_install': False, 'test_result_base': None}
[1.119s] INFO:colcon.colcon_core.executor:Executing jobs using 'parallel' executor
[1.122s] DEBUG:colcon.colcon_parallel_executor.executor.parallel:run_until_complete
[1.123s] INFO:colcon.colcon_ros.task.ament_cmake.build:Building ROS package in '/home/yaswhar/ros2_ws/src/rasa_hand_pkg' with build type 'ament_cmake'
[1.124s] INFO:colcon.colcon_cmake.task.cmake.build:Building CMake package in '/home/yaswhar/ros2_ws/src/rasa_hand_pkg'
[1.129s] INFO:colcon.colcon_core.plugin_system:Skipping extension 'colcon_core.shell.bat': Not used on non-Windows systems
[1.130s] INFO:colcon.colcon_core.shell:Skip shell extension 'powershell' for command environment: Not usable outside of PowerShell
[1.130s] DEBUG:colcon.colcon_core.shell:Skip shell extension 'dsv' for command environment
[1.160s] DEBUG:colcon.colcon_core.event_handler.log_command:Invoking command in '/home/yaswhar/ros2_ws/src/rasa_hand_pkg/build/rasa_hand_pkg': CMAKE_PREFIX_PATH=${CMAKE_PREFIX_PATH}:/home/yaswhar/ros2_ws/install/yashar_turtle_chase:/home/yaswhar/ros2_ws/install/turtlesim_catch_them_all:/home/yaswhar/ros2_ws/install/my_py_pkg:/home/yaswhar/install/yashar_turtle_chase:/opt/ros/humble /usr/bin/cmake /home/yaswhar/ros2_ws/src/rasa_hand_pkg -DCMAKE_INSTALL_PREFIX=/home/yaswhar/ros2_ws/src/rasa_hand_pkg/install/rasa_hand_pkg
[30.274s] DEBUG:colcon.colcon_core.event_handler.log_command:Invoked command in '/home/yaswhar/ros2_ws/src/rasa_hand_pkg/build/rasa_hand_pkg' returned '0': CMAKE_PREFIX_PATH=${CMAKE_PREFIX_PATH}:/home/yaswhar/ros2_ws/install/yashar_turtle_chase:/home/yaswhar/ros2_ws/install/turtlesim_catch_them_all:/home/yaswhar/ros2_ws/install/my_py_pkg:/home/yaswhar/install/yashar_turtle_chase:/opt/ros/humble /usr/bin/cmake /home/yaswhar/ros2_ws/src/rasa_hand_pkg -DCMAKE_INSTALL_PREFIX=/home/yaswhar/ros2_ws/src/rasa_hand_pkg/install/rasa_hand_pkg
[30.281s] DEBUG:colcon.colcon_core.event_handler.log_command:Invoking command in '/home/yaswhar/ros2_ws/src/rasa_hand_pkg/build/rasa_hand_pkg': CMAKE_PREFIX_PATH=${CMAKE_PREFIX_PATH}:/home/yaswhar/ros2_ws/install/yashar_turtle_chase:/home/yaswhar/ros2_ws/install/turtlesim_catch_them_all:/home/yaswhar/ros2_ws/install/my_py_pkg:/home/yaswhar/install/yashar_turtle_chase:/opt/ros/humble /usr/bin/cmake --build /home/yaswhar/ros2_ws/src/rasa_hand_pkg/build/rasa_hand_pkg -- -j12 -l12
[38.040s] DEBUG:colcon.colcon_core.event_handler.log_command:Invoked command in '/home/yaswhar/ros2_ws/src/rasa_hand_pkg/build/rasa_hand_pkg' returned '0': CMAKE_PREFIX_PATH=${CMAKE_PREFIX_PATH}:/home/yaswhar/ros2_ws/install/yashar_turtle_chase:/home/yaswhar/ros2_ws/install/turtlesim_catch_them_all:/home/yaswhar/ros2_ws/install/my_py_pkg:/home/yaswhar/install/yashar_turtle_chase:/opt/ros/humble /usr/bin/cmake --build /home/yaswhar/ros2_ws/src/rasa_hand_pkg/build/rasa_hand_pkg -- -j12 -l12
[38.059s] DEBUG:colcon.colcon_core.event_handler.log_command:Invoking command in '/home/yaswhar/ros2_ws/src/rasa_hand_pkg/build/rasa_hand_pkg': CMAKE_PREFIX_PATH=${CMAKE_PREFIX_PATH}:/home/yaswhar/ros2_ws/install/yashar_turtle_chase:/home/yaswhar/ros2_ws/install/turtlesim_catch_them_all:/home/yaswhar/ros2_ws/install/my_py_pkg:/home/yaswhar/install/yashar_turtle_chase:/opt/ros/humble /usr/bin/cmake --install /home/yaswhar/ros2_ws/src/rasa_hand_pkg/build/rasa_hand_pkg
[38.161s] Level 1:colcon.colcon_core.environment:create_environment_scripts_only(rasa_hand_pkg)
[38.163s] DEBUG:colcon.colcon_core.event_handler.log_command:Invoked command in '/home/yaswhar/ros2_ws/src/rasa_hand_pkg/build/rasa_hand_pkg' returned '0': CMAKE_PREFIX_PATH=${CMAKE_PREFIX_PATH}:/home/yaswhar/ros2_ws/install/yashar_turtle_chase:/home/yaswhar/ros2_ws/install/turtlesim_catch_them_all:/home/yaswhar/ros2_ws/install/my_py_pkg:/home/yaswhar/install/yashar_turtle_chase:/opt/ros/humble /usr/bin/cmake --install /home/yaswhar/ros2_ws/src/rasa_hand_pkg/build/rasa_hand_pkg
[38.168s] Level 1:colcon.colcon_core.environment:checking '/home/yaswhar/ros2_ws/src/rasa_hand_pkg/install/rasa_hand_pkg' for CMake module files
[38.169s] Level 1:colcon.colcon_core.environment:checking '/home/yaswhar/ros2_ws/src/rasa_hand_pkg/install/rasa_hand_pkg' for CMake config files
[38.169s] Level 1:colcon.colcon_core.shell:create_environment_hook('rasa_hand_pkg', 'cmake_prefix_path')
[38.169s] INFO:colcon.colcon_core.shell:Creating environment hook '/home/yaswhar/ros2_ws/src/rasa_hand_pkg/install/rasa_hand_pkg/share/rasa_hand_pkg/hook/cmake_prefix_path.ps1'
[38.171s] INFO:colcon.colcon_core.shell:Creating environment descriptor '/home/yaswhar/ros2_ws/src/rasa_hand_pkg/install/rasa_hand_pkg/share/rasa_hand_pkg/hook/cmake_prefix_path.dsv'
[38.172s] INFO:colcon.colcon_core.shell:Creating environment hook '/home/yaswhar/ros2_ws/src/rasa_hand_pkg/install/rasa_hand_pkg/share/rasa_hand_pkg/hook/cmake_prefix_path.sh'
[38.174s] Level 1:colcon.colcon_core.environment:checking '/home/yaswhar/ros2_ws/src/rasa_hand_pkg/install/rasa_hand_pkg/lib'
[38.174s] Level 1:colcon.colcon_core.environment:checking '/home/yaswhar/ros2_ws/src/rasa_hand_pkg/install/rasa_hand_pkg/bin'
[38.174s] Level 1:colcon.colcon_core.environment:checking '/home/yaswhar/ros2_ws/src/rasa_hand_pkg/install/rasa_hand_pkg/lib/pkgconfig/rasa_hand_pkg.pc'
[38.175s] Level 1:colcon.colcon_core.environment:checking '/home/yaswhar/ros2_ws/src/rasa_hand_pkg/install/rasa_hand_pkg/lib/python3.10/site-packages'
[38.175s] Level 1:colcon.colcon_core.environment:checking '/home/yaswhar/ros2_ws/src/rasa_hand_pkg/install/rasa_hand_pkg/bin'
[38.176s] INFO:colcon.colcon_core.shell:Creating package script '/home/yaswhar/ros2_ws/src/rasa_hand_pkg/install/rasa_hand_pkg/share/rasa_hand_pkg/package.ps1'
[38.177s] INFO:colcon.colcon_core.shell:Creating package descriptor '/home/yaswhar/ros2_ws/src/rasa_hand_pkg/install/rasa_hand_pkg/share/rasa_hand_pkg/package.dsv'
[38.178s] INFO:colcon.colcon_core.shell:Creating package script '/home/yaswhar/ros2_ws/src/rasa_hand_pkg/install/rasa_hand_pkg/share/rasa_hand_pkg/package.sh'
[38.180s] INFO:colcon.colcon_core.shell:Creating package script '/home/yaswhar/ros2_ws/src/rasa_hand_pkg/install/rasa_hand_pkg/share/rasa_hand_pkg/package.bash'
[38.182s] INFO:colcon.colcon_core.shell:Creating package script '/home/yaswhar/ros2_ws/src/rasa_hand_pkg/install/rasa_hand_pkg/share/rasa_hand_pkg/package.zsh'
[38.184s] Level 1:colcon.colcon_core.environment:create_file_with_runtime_dependencies(/home/yaswhar/ros2_ws/src/rasa_hand_pkg/install/rasa_hand_pkg/share/colcon-core/packages/rasa_hand_pkg)
[38.185s] Level 1:colcon.colcon_core.environment:create_environment_scripts_only(rasa_hand_pkg)
[38.186s] Level 1:colcon.colcon_core.environment:checking '/home/yaswhar/ros2_ws/src/rasa_hand_pkg/install/rasa_hand_pkg' for CMake module files
[38.186s] Level 1:colcon.colcon_core.environment:checking '/home/yaswhar/ros2_ws/src/rasa_hand_pkg/install/rasa_hand_pkg' for CMake config files
[38.187s] Level 1:colcon.colcon_core.shell:create_environment_hook('rasa_hand_pkg', 'cmake_prefix_path')
[38.187s] INFO:colcon.colcon_core.shell:Creating environment hook '/home/yaswhar/ros2_ws/src/rasa_hand_pkg/install/rasa_hand_pkg/share/rasa_hand_pkg/hook/cmake_prefix_path.ps1'
[38.188s] INFO:colcon.colcon_core.shell:Creating environment descriptor '/home/yaswhar/ros2_ws/src/rasa_hand_pkg/install/rasa_hand_pkg/share/rasa_hand_pkg/hook/cmake_prefix_path.dsv'
[38.189s] INFO:colcon.colcon_core.shell:Creating environment hook '/home/yaswhar/ros2_ws/src/rasa_hand_pkg/install/rasa_hand_pkg/share/rasa_hand_pkg/hook/cmake_prefix_path.sh'
[38.190s] Level 1:colcon.colcon_core.environment:checking '/home/yaswhar/ros2_ws/src/rasa_hand_pkg/install/rasa_hand_pkg/lib'
[38.190s] Level 1:colcon.colcon_core.environment:checking '/home/yaswhar/ros2_ws/src/rasa_hand_pkg/install/rasa_hand_pkg/bin'
[38.191s] Level 1:colcon.colcon_core.environment:checking '/home/yaswhar/ros2_ws/src/rasa_hand_pkg/install/rasa_hand_pkg/lib/pkgconfig/rasa_hand_pkg.pc'
[38.191s] Level 1:colcon.colcon_core.environment:checking '/home/yaswhar/ros2_ws/src/rasa_hand_pkg/install/rasa_hand_pkg/lib/python3.10/site-packages'
[38.191s] Level 1:colcon.colcon_core.environment:checking '/home/yaswhar/ros2_ws/src/rasa_hand_pkg/install/rasa_hand_pkg/bin'
[38.192s] INFO:colcon.colcon_core.shell:Creating package script '/home/yaswhar/ros2_ws/src/rasa_hand_pkg/install/rasa_hand_pkg/share/rasa_hand_pkg/package.ps1'
[38.193s] INFO:colcon.colcon_core.shell:Creating package descriptor '/home/yaswhar/ros2_ws/src/rasa_hand_pkg/install/rasa_hand_pkg/share/rasa_hand_pkg/package.dsv'
[38.194s] INFO:colcon.colcon_core.shell:Creating package script '/home/yaswhar/ros2_ws/src/rasa_hand_pkg/install/rasa_hand_pkg/share/rasa_hand_pkg/package.sh'
[38.195s] INFO:colcon.colcon_core.shell:Creating package script '/home/yaswhar/ros2_ws/src/rasa_hand_pkg/install/rasa_hand_pkg/share/rasa_hand_pkg/package.bash'
[38.196s] INFO:colcon.colcon_core.shell:Creating package script '/home/yaswhar/ros2_ws/src/rasa_hand_pkg/install/rasa_hand_pkg/share/rasa_hand_pkg/package.zsh'
[38.198s] Level 1:colcon.colcon_core.environment:create_file_with_runtime_dependencies(/home/yaswhar/ros2_ws/src/rasa_hand_pkg/install/rasa_hand_pkg/share/colcon-core/packages/rasa_hand_pkg)
[38.199s] DEBUG:colcon.colcon_parallel_executor.executor.parallel:closing loop
[38.199s] DEBUG:colcon.colcon_parallel_executor.executor.parallel:loop closed
[38.199s] DEBUG:colcon.colcon_parallel_executor.executor.parallel:run_until_complete finished with '0'
[38.200s] DEBUG:colcon.colcon_core.event_reactor:joining thread
[38.396s] INFO:colcon.colcon_core.plugin_system:Skipping extension 'colcon_notification.desktop_notification.notify_send': Could not find 'notify-send'
[38.397s] INFO:colcon.colcon_core.plugin_system:Skipping extension 'colcon_notification.desktop_notification.terminal_notifier': Not used on non-Darwin systems
[38.397s] INFO:colcon.colcon_core.plugin_system:Skipping extension 'colcon_notification.desktop_notification.win32': Not used on non-Windows systems
[38.397s] INFO:colcon.colcon_notification.desktop_notification:Sending desktop notification using 'notify2'
[38.400s] DEBUG:colcon.colcon_notification.desktop_notification.notify2:Failed to initialize notify2: org.freedesktop.DBus.Error.ServiceUnknown: The name org.freedesktop.Notifications was not provided by any .service files
[38.400s] DEBUG:colcon.colcon_core.event_reactor:joined thread
[38.401s] INFO:colcon.colcon_core.shell:Creating prefix script '/home/yaswhar/ros2_ws/src/rasa_hand_pkg/install/local_setup.ps1'
[38.403s] INFO:colcon.colcon_core.shell:Creating prefix util module '/home/yaswhar/ros2_ws/src/rasa_hand_pkg/install/_local_setup_util_ps1.py'
[38.405s] INFO:colcon.colcon_core.shell:Creating prefix chain script '/home/yaswhar/ros2_ws/src/rasa_hand_pkg/install/setup.ps1'
[38.408s] INFO:colcon.colcon_core.shell:Creating prefix script '/home/yaswhar/ros2_ws/src/rasa_hand_pkg/install/local_setup.sh'
[38.409s] INFO:colcon.colcon_core.shell:Creating prefix util module '/home/yaswhar/ros2_ws/src/rasa_hand_pkg/install/_local_setup_util_sh.py'
[38.410s] INFO:colcon.colcon_core.shell:Creating prefix chain script '/home/yaswhar/ros2_ws/src/rasa_hand_pkg/install/setup.sh'
[38.413s] INFO:colcon.colcon_core.shell:Creating prefix script '/home/yaswhar/ros2_ws/src/rasa_hand_pkg/install/local_setup.bash'
[38.414s] INFO:colcon.colcon_core.shell:Creating prefix chain script '/home/yaswhar/ros2_ws/src/rasa_hand_pkg/install/setup.bash'
[38.416s] INFO:colcon.colcon_core.shell:Creating prefix script '/home/yaswhar/ros2_ws/src/rasa_hand_pkg/install/local_setup.zsh'
[38.417s] INFO:colcon.colcon_core.shell:Creating prefix chain script '/home/yaswhar/ros2_ws/src/rasa_hand_pkg/install/setup.zsh'
