[0.348s] DEBUG:colcon:Command line arguments: ['/usr/bin/colcon', 'build', '--packages-select', 'rasa_hand_pkg']
[0.349s] DEBUG:colcon:Parsed command line arguments: Namespace(log_base=None, log_level=None, verb_name='build', build_base='build', install_base='install', merge_install=False, symlink_install=False, test_result_base=None, continue_on_error=False, executor='parallel', parallel_workers=12, event_handlers=None, ignore_user_meta=False, metas=['./colcon.meta'], base_paths=['.'], packages_ignore=None, packages_ignore_regex=None, paths=None, packages_up_to=None, packages_up_to_regex=None, packages_above=None, packages_above_and_dependencies=None, packages_above_depth=None, packages_select_by_dep=None, packages_skip_by_dep=None, packages_skip_up_to=None, packages_select_build_failed=False, packages_skip_build_finished=False, packages_select_test_failures=False, packages_skip_test_passed=False, packages_select=['rasa_hand_pkg'], packages_skip=None, packages_select_regex=None, packages_skip_regex=None, packages_start=None, packages_end=None, allow_overriding=[], cmake_args=None, cmake_target=None, cmake_target_skip_unavailable=False, cmake_clean_cache=False, cmake_clean_first=False, cmake_force_configure=False, ament_cmake_args=None, catkin_cmake_args=None, catkin_skip_building_tests=False, verb_parser=<colcon_defaults.argument_parser.defaults.DefaultArgumentsDecorator object at 0x7f57ec688f10>, verb_extension=<colcon_core.verb.build.BuildVerb object at 0x7f57ec80e380>, main=<bound method BuildVerb.main of <colcon_core.verb.build.BuildVerb object at 0x7f57ec80e380>>)
[0.556s] Level 1:colcon.colcon_core.package_discovery:discover_packages(colcon_meta) check parameters
[0.556s] Level 1:colcon.colcon_core.package_discovery:discover_packages(recursive) check parameters
[0.556s] Level 1:colcon.colcon_core.package_discovery:discover_packages(ignore) check parameters
[0.556s] Level 1:colcon.colcon_core.package_discovery:discover_packages(path) check parameters
[0.556s] Level 1:colcon.colcon_core.package_discovery:discover_packages(colcon_meta) discover
[0.556s] Level 1:colcon.colcon_core.package_discovery:discover_packages(recursive) discover
[0.556s] INFO:colcon.colcon_core.package_discovery:Crawling recursively for packages in '/home/yaswhar/ros2_ws/src/rasa_hand_pkg'
[0.557s] Level 1:colcon.colcon_core.package_identification:_identify(.) by extensions ['ignore', 'ignore_ament_install']
[0.557s] Level 1:colcon.colcon_core.package_identification:_identify(.) by extension 'ignore'
[0.557s] Level 1:colcon.colcon_core.package_identification:_identify(.) by extension 'ignore_ament_install'
[0.557s] Level 1:colcon.colcon_core.package_identification:_identify(.) by extensions ['colcon_pkg']
[0.557s] Level 1:colcon.colcon_core.package_identification:_identify(.) by extension 'colcon_pkg'
[0.557s] Level 1:colcon.colcon_core.package_identification:_identify(.) by extensions ['colcon_meta']
[0.557s] Level 1:colcon.colcon_core.package_identification:_identify(.) by extension 'colcon_meta'
[0.557s] Level 1:colcon.colcon_core.package_identification:_identify(.) by extensions ['ros']
[0.557s] Level 1:colcon.colcon_core.package_identification:_identify(.) by extension 'ros'
[0.578s] DEBUG:colcon.colcon_core.package_identification:Package '.' with type 'ros.ament_cmake' and name 'rasa_hand_pkg'
[0.578s] Level 1:colcon.colcon_core.package_discovery:discover_packages(recursive) using defaults
[0.578s] Level 1:colcon.colcon_core.package_discovery:discover_packages(ignore) discover
[0.578s] Level 1:colcon.colcon_core.package_discovery:discover_packages(ignore) using defaults
[0.578s] Level 1:colcon.colcon_core.package_discovery:discover_packages(path) discover
[0.578s] Level 1:colcon.colcon_core.package_discovery:discover_packages(path) using defaults
[0.609s] Level 1:colcon.colcon_core.package_discovery:discover_packages(prefix_path) check parameters
[0.609s] Level 1:colcon.colcon_core.package_discovery:discover_packages(prefix_path) discover
[0.612s] DEBUG:colcon.colcon_installed_package_information.package_discovery:Found 1 installed packages in /home/yaswhar/install
[0.613s] DEBUG:colcon.colcon_installed_package_information.package_discovery:Found 6 installed packages in /home/yaswhar/ros2_ws/install
[0.614s] DEBUG:colcon.colcon_installed_package_information.package_discovery:Found 286 installed packages in /opt/ros/humble
[0.635s] Level 1:colcon.colcon_core.package_discovery:discover_packages(prefix_path) using defaults
[0.681s] Level 5:colcon.colcon_core.verb:set package 'rasa_hand_pkg' build argument 'cmake_args' from command line to 'None'
[0.681s] Level 5:colcon.colcon_core.verb:set package 'rasa_hand_pkg' build argument 'cmake_target' from command line to 'None'
[0.681s] Level 5:colcon.colcon_core.verb:set package 'rasa_hand_pkg' build argument 'cmake_target_skip_unavailable' from command line to 'False'
[0.681s] Level 5:colcon.colcon_core.verb:set package 'rasa_hand_pkg' build argument 'cmake_clean_cache' from command line to 'False'
[0.681s] Level 5:colcon.colcon_core.verb:set package 'rasa_hand_pkg' build argument 'cmake_clean_first' from command line to 'False'
[0.681s] Level 5:colcon.colcon_core.verb:set package 'rasa_hand_pkg' build argument 'cmake_force_configure' from command line to 'False'
[0.681s] Level 5:colcon.colcon_core.verb:set package 'rasa_hand_pkg' build argument 'ament_cmake_args' from command line to 'None'
[0.681s] Level 5:colcon.colcon_core.verb:set package 'rasa_hand_pkg' build argument 'catkin_cmake_args' from command line to 'None'
[0.681s] Level 5:colcon.colcon_core.verb:set package 'rasa_hand_pkg' build argument 'catkin_skip_building_tests' from command line to 'False'
[0.681s] DEBUG:colcon.colcon_core.verb:Building package 'rasa_hand_pkg' with the following arguments: {'ament_cmake_args': None, 'build_base': '/home/yaswhar/ros2_ws/src/rasa_hand_pkg/build/rasa_hand_pkg', 'catkin_cmake_args': None, 'catkin_skip_building_tests': False, 'cmake_args': None, 'cmake_clean_cache': False, 'cmake_clean_first': False, 'cmake_force_configure': False, 'cmake_target': None, 'cmake_target_skip_unavailable': False, 'install_base': '/home/yaswhar/ros2_ws/src/rasa_hand_pkg/install/rasa_hand_pkg', 'merge_install': False, 'path': '/home/yaswhar/ros2_ws/src/rasa_hand_pkg', 'symlink_install': False, 'test_result_base': None}
[0.681s] INFO:colcon.colcon_core.executor:Executing jobs using 'parallel' executor
[0.683s] DEBUG:colcon.colcon_parallel_executor.executor.parallel:run_until_complete
[0.684s] INFO:colcon.colcon_ros.task.ament_cmake.build:Building ROS package in '/home/yaswhar/ros2_ws/src/rasa_hand_pkg' with build type 'ament_cmake'
[0.684s] INFO:colcon.colcon_cmake.task.cmake.build:Building CMake package in '/home/yaswhar/ros2_ws/src/rasa_hand_pkg'
[0.687s] INFO:colcon.colcon_core.plugin_system:Skipping extension 'colcon_core.shell.bat': Not used on non-Windows systems
[0.688s] INFO:colcon.colcon_core.shell:Skip shell extension 'powershell' for command environment: Not usable outside of PowerShell
[0.688s] DEBUG:colcon.colcon_core.shell:Skip shell extension 'dsv' for command environment
[0.708s] DEBUG:colcon.colcon_core.event_handler.log_command:Invoking command in '/home/yaswhar/ros2_ws/src/rasa_hand_pkg/build/rasa_hand_pkg': CMAKE_PREFIX_PATH=${CMAKE_PREFIX_PATH}:/home/yaswhar/ros2_ws/install/yashar_turtle_chase:/home/yaswhar/ros2_ws/install/turtlesim_catch_them_all:/home/yaswhar/ros2_ws/install/my_py_pkg:/home/yaswhar/install/yashar_turtle_chase:/opt/ros/humble /usr/bin/cmake /home/yaswhar/ros2_ws/src/rasa_hand_pkg -DCMAKE_INSTALL_PREFIX=/home/yaswhar/ros2_ws/src/rasa_hand_pkg/install/rasa_hand_pkg
[19.670s] DEBUG:colcon.colcon_core.event_handler.log_command:Invoked command in '/home/yaswhar/ros2_ws/src/rasa_hand_pkg/build/rasa_hand_pkg' returned '0': CMAKE_PREFIX_PATH=${CMAKE_PREFIX_PATH}:/home/yaswhar/ros2_ws/install/yashar_turtle_chase:/home/yaswhar/ros2_ws/install/turtlesim_catch_them_all:/home/yaswhar/ros2_ws/install/my_py_pkg:/home/yaswhar/install/yashar_turtle_chase:/opt/ros/humble /usr/bin/cmake /home/yaswhar/ros2_ws/src/rasa_hand_pkg -DCMAKE_INSTALL_PREFIX=/home/yaswhar/ros2_ws/src/rasa_hand_pkg/install/rasa_hand_pkg
[19.674s] DEBUG:colcon.colcon_core.event_handler.log_command:Invoking command in '/home/yaswhar/ros2_ws/src/rasa_hand_pkg/build/rasa_hand_pkg': CMAKE_PREFIX_PATH=${CMAKE_PREFIX_PATH}:/home/yaswhar/ros2_ws/install/yashar_turtle_chase:/home/yaswhar/ros2_ws/install/turtlesim_catch_them_all:/home/yaswhar/ros2_ws/install/my_py_pkg:/home/yaswhar/install/yashar_turtle_chase:/opt/ros/humble /usr/bin/cmake --build /home/yaswhar/ros2_ws/src/rasa_hand_pkg/build/rasa_hand_pkg -- -j12 -l12
[25.083s] DEBUG:colcon.colcon_core.event_handler.log_command:Invoked command in '/home/yaswhar/ros2_ws/src/rasa_hand_pkg/build/rasa_hand_pkg' returned '0': CMAKE_PREFIX_PATH=${CMAKE_PREFIX_PATH}:/home/yaswhar/ros2_ws/install/yashar_turtle_chase:/home/yaswhar/ros2_ws/install/turtlesim_catch_them_all:/home/yaswhar/ros2_ws/install/my_py_pkg:/home/yaswhar/install/yashar_turtle_chase:/opt/ros/humble /usr/bin/cmake --build /home/yaswhar/ros2_ws/src/rasa_hand_pkg/build/rasa_hand_pkg -- -j12 -l12
[25.097s] DEBUG:colcon.colcon_core.event_handler.log_command:Invoking command in '/home/yaswhar/ros2_ws/src/rasa_hand_pkg/build/rasa_hand_pkg': CMAKE_PREFIX_PATH=${CMAKE_PREFIX_PATH}:/home/yaswhar/ros2_ws/install/yashar_turtle_chase:/home/yaswhar/ros2_ws/install/turtlesim_catch_them_all:/home/yaswhar/ros2_ws/install/my_py_pkg:/home/yaswhar/install/yashar_turtle_chase:/opt/ros/humble /usr/bin/cmake --install /home/yaswhar/ros2_ws/src/rasa_hand_pkg/build/rasa_hand_pkg
[25.176s] Level 1:colcon.colcon_core.environment:create_environment_scripts_only(rasa_hand_pkg)
[25.178s] DEBUG:colcon.colcon_core.event_handler.log_command:Invoked command in '/home/yaswhar/ros2_ws/src/rasa_hand_pkg/build/rasa_hand_pkg' returned '0': CMAKE_PREFIX_PATH=${CMAKE_PREFIX_PATH}:/home/yaswhar/ros2_ws/install/yashar_turtle_chase:/home/yaswhar/ros2_ws/install/turtlesim_catch_them_all:/home/yaswhar/ros2_ws/install/my_py_pkg:/home/yaswhar/install/yashar_turtle_chase:/opt/ros/humble /usr/bin/cmake --install /home/yaswhar/ros2_ws/src/rasa_hand_pkg/build/rasa_hand_pkg
[25.182s] Level 1:colcon.colcon_core.environment:checking '/home/yaswhar/ros2_ws/src/rasa_hand_pkg/install/rasa_hand_pkg' for CMake module files
[25.183s] Level 1:colcon.colcon_core.environment:checking '/home/yaswhar/ros2_ws/src/rasa_hand_pkg/install/rasa_hand_pkg' for CMake config files
[25.183s] Level 1:colcon.colcon_core.shell:create_environment_hook('rasa_hand_pkg', 'cmake_prefix_path')
[25.183s] INFO:colcon.colcon_core.shell:Creating environment hook '/home/yaswhar/ros2_ws/src/rasa_hand_pkg/install/rasa_hand_pkg/share/rasa_hand_pkg/hook/cmake_prefix_path.ps1'
[25.184s] INFO:colcon.colcon_core.shell:Creating environment descriptor '/home/yaswhar/ros2_ws/src/rasa_hand_pkg/install/rasa_hand_pkg/share/rasa_hand_pkg/hook/cmake_prefix_path.dsv'
[25.185s] INFO:colcon.colcon_core.shell:Creating environment hook '/home/yaswhar/ros2_ws/src/rasa_hand_pkg/install/rasa_hand_pkg/share/rasa_hand_pkg/hook/cmake_prefix_path.sh'
[25.186s] Level 1:colcon.colcon_core.environment:checking '/home/yaswhar/ros2_ws/src/rasa_hand_pkg/install/rasa_hand_pkg/lib'
[25.186s] Level 1:colcon.colcon_core.environment:checking '/home/yaswhar/ros2_ws/src/rasa_hand_pkg/install/rasa_hand_pkg/bin'
[25.187s] Level 1:colcon.colcon_core.environment:checking '/home/yaswhar/ros2_ws/src/rasa_hand_pkg/install/rasa_hand_pkg/lib/pkgconfig/rasa_hand_pkg.pc'
[25.187s] Level 1:colcon.colcon_core.environment:checking '/home/yaswhar/ros2_ws/src/rasa_hand_pkg/install/rasa_hand_pkg/lib/python3.10/site-packages'
[25.187s] Level 1:colcon.colcon_core.environment:checking '/home/yaswhar/ros2_ws/src/rasa_hand_pkg/install/rasa_hand_pkg/bin'
[25.188s] INFO:colcon.colcon_core.shell:Creating package script '/home/yaswhar/ros2_ws/src/rasa_hand_pkg/install/rasa_hand_pkg/share/rasa_hand_pkg/package.ps1'
[25.189s] INFO:colcon.colcon_core.shell:Creating package descriptor '/home/yaswhar/ros2_ws/src/rasa_hand_pkg/install/rasa_hand_pkg/share/rasa_hand_pkg/package.dsv'
[25.190s] INFO:colcon.colcon_core.shell:Creating package script '/home/yaswhar/ros2_ws/src/rasa_hand_pkg/install/rasa_hand_pkg/share/rasa_hand_pkg/package.sh'
[25.191s] INFO:colcon.colcon_core.shell:Creating package script '/home/yaswhar/ros2_ws/src/rasa_hand_pkg/install/rasa_hand_pkg/share/rasa_hand_pkg/package.bash'
[25.191s] INFO:colcon.colcon_core.shell:Creating package script '/home/yaswhar/ros2_ws/src/rasa_hand_pkg/install/rasa_hand_pkg/share/rasa_hand_pkg/package.zsh'
[25.192s] Level 1:colcon.colcon_core.environment:create_file_with_runtime_dependencies(/home/yaswhar/ros2_ws/src/rasa_hand_pkg/install/rasa_hand_pkg/share/colcon-core/packages/rasa_hand_pkg)
[25.194s] Level 1:colcon.colcon_core.environment:create_environment_scripts_only(rasa_hand_pkg)
[25.194s] Level 1:colcon.colcon_core.environment:checking '/home/yaswhar/ros2_ws/src/rasa_hand_pkg/install/rasa_hand_pkg' for CMake module files
[25.195s] Level 1:colcon.colcon_core.environment:checking '/home/yaswhar/ros2_ws/src/rasa_hand_pkg/install/rasa_hand_pkg' for CMake config files
[25.195s] Level 1:colcon.colcon_core.shell:create_environment_hook('rasa_hand_pkg', 'cmake_prefix_path')
[25.195s] INFO:colcon.colcon_core.shell:Creating environment hook '/home/yaswhar/ros2_ws/src/rasa_hand_pkg/install/rasa_hand_pkg/share/rasa_hand_pkg/hook/cmake_prefix_path.ps1'
[25.196s] INFO:colcon.colcon_core.shell:Creating environment descriptor '/home/yaswhar/ros2_ws/src/rasa_hand_pkg/install/rasa_hand_pkg/share/rasa_hand_pkg/hook/cmake_prefix_path.dsv'
[25.196s] INFO:colcon.colcon_core.shell:Creating environment hook '/home/yaswhar/ros2_ws/src/rasa_hand_pkg/install/rasa_hand_pkg/share/rasa_hand_pkg/hook/cmake_prefix_path.sh'
[25.197s] Level 1:colcon.colcon_core.environment:checking '/home/yaswhar/ros2_ws/src/rasa_hand_pkg/install/rasa_hand_pkg/lib'
[25.197s] Level 1:colcon.colcon_core.environment:checking '/home/yaswhar/ros2_ws/src/rasa_hand_pkg/install/rasa_hand_pkg/bin'
[25.198s] Level 1:colcon.colcon_core.environment:checking '/home/yaswhar/ros2_ws/src/rasa_hand_pkg/install/rasa_hand_pkg/lib/pkgconfig/rasa_hand_pkg.pc'
[25.198s] Level 1:colcon.colcon_core.environment:checking '/home/yaswhar/ros2_ws/src/rasa_hand_pkg/install/rasa_hand_pkg/lib/python3.10/site-packages'
[25.198s] Level 1:colcon.colcon_core.environment:checking '/home/yaswhar/ros2_ws/src/rasa_hand_pkg/install/rasa_hand_pkg/bin'
[25.199s] INFO:colcon.colcon_core.shell:Creating package script '/home/yaswhar/ros2_ws/src/rasa_hand_pkg/install/rasa_hand_pkg/share/rasa_hand_pkg/package.ps1'
[25.199s] INFO:colcon.colcon_core.shell:Creating package descriptor '/home/yaswhar/ros2_ws/src/rasa_hand_pkg/install/rasa_hand_pkg/share/rasa_hand_pkg/package.dsv'
[25.200s] INFO:colcon.colcon_core.shell:Creating package script '/home/yaswhar/ros2_ws/src/rasa_hand_pkg/install/rasa_hand_pkg/share/rasa_hand_pkg/package.sh'
[25.201s] INFO:colcon.colcon_core.shell:Creating package script '/home/yaswhar/ros2_ws/src/rasa_hand_pkg/install/rasa_hand_pkg/share/rasa_hand_pkg/package.bash'
[25.202s] INFO:colcon.colcon_core.shell:Creating package script '/home/yaswhar/ros2_ws/src/rasa_hand_pkg/install/rasa_hand_pkg/share/rasa_hand_pkg/package.zsh'
[25.203s] Level 1:colcon.colcon_core.environment:create_file_with_runtime_dependencies(/home/yaswhar/ros2_ws/src/rasa_hand_pkg/install/rasa_hand_pkg/share/colcon-core/packages/rasa_hand_pkg)
[25.203s] DEBUG:colcon.colcon_parallel_executor.executor.parallel:closing loop
[25.204s] DEBUG:colcon.colcon_parallel_executor.executor.parallel:loop closed
[25.205s] DEBUG:colcon.colcon_parallel_executor.executor.parallel:run_until_complete finished with '0'
[25.205s] DEBUG:colcon.colcon_core.event_reactor:joining thread
[25.300s] INFO:colcon.colcon_core.plugin_system:Skipping extension 'colcon_notification.desktop_notification.notify_send': Could not find 'notify-send'
[25.301s] INFO:colcon.colcon_core.plugin_system:Skipping extension 'colcon_notification.desktop_notification.terminal_notifier': Not used on non-Darwin systems
[25.301s] INFO:colcon.colcon_core.plugin_system:Skipping extension 'colcon_notification.desktop_notification.win32': Not used on non-Windows systems
[25.301s] INFO:colcon.colcon_notification.desktop_notification:Sending desktop notification using 'notify2'
[25.303s] DEBUG:colcon.colcon_notification.desktop_notification.notify2:Failed to initialize notify2: org.freedesktop.DBus.Error.ServiceUnknown: The name org.freedesktop.Notifications was not provided by any .service files
[25.304s] DEBUG:colcon.colcon_core.event_reactor:joined thread
[25.304s] INFO:colcon.colcon_core.shell:Creating prefix script '/home/yaswhar/ros2_ws/src/rasa_hand_pkg/install/local_setup.ps1'
[25.305s] INFO:colcon.colcon_core.shell:Creating prefix util module '/home/yaswhar/ros2_ws/src/rasa_hand_pkg/install/_local_setup_util_ps1.py'
[25.307s] INFO:colcon.colcon_core.shell:Creating prefix chain script '/home/yaswhar/ros2_ws/src/rasa_hand_pkg/install/setup.ps1'
[25.309s] INFO:colcon.colcon_core.shell:Creating prefix script '/home/yaswhar/ros2_ws/src/rasa_hand_pkg/install/local_setup.sh'
[25.310s] INFO:colcon.colcon_core.shell:Creating prefix util module '/home/yaswhar/ros2_ws/src/rasa_hand_pkg/install/_local_setup_util_sh.py'
[25.310s] INFO:colcon.colcon_core.shell:Creating prefix chain script '/home/yaswhar/ros2_ws/src/rasa_hand_pkg/install/setup.sh'
[25.312s] INFO:colcon.colcon_core.shell:Creating prefix script '/home/yaswhar/ros2_ws/src/rasa_hand_pkg/install/local_setup.bash'
[25.312s] INFO:colcon.colcon_core.shell:Creating prefix chain script '/home/yaswhar/ros2_ws/src/rasa_hand_pkg/install/setup.bash'
[25.314s] INFO:colcon.colcon_core.shell:Creating prefix script '/home/yaswhar/ros2_ws/src/rasa_hand_pkg/install/local_setup.zsh'
[25.314s] INFO:colcon.colcon_core.shell:Creating prefix chain script '/home/yaswhar/ros2_ws/src/rasa_hand_pkg/install/setup.zsh'
