-- The C compiler identification is GNU 11.4.0
-- The CXX compiler identification is GNU 11.4.0
-- Detecting C compiler ABI info
-- Detecting C compiler ABI info - done
-- Check for working C compiler: /usr/bin/cc - skipped
-- Detecting C compile features
-- Detecting C compile features - done
-- Detecting CXX compiler ABI info
-- Detecting CXX compiler ABI info - done
-- Check for working CXX compiler: /usr/bin/c++ - skipped
-- Detecting CXX compile features
-- Detecting CXX compile features - done
-- Found ament_cmake: 1.3.11 (/opt/ros/humble/share/ament_cmake/cmake)
-- Found Python3: /usr/bin/python3 (found version "3.10.12") found components: Interpreter 
-- Found rclcpp: 16.0.12 (/opt/ros/humble/share/rclcpp/cmake)
-- Found rosidl_generator_c: 3.1.6 (/opt/ros/humble/share/rosidl_generator_c/cmake)
-- Found rosidl_adapter: 3.1.6 (/opt/ros/humble/share/rosidl_adapter/cmake)
-- Found rosidl_generator_cpp: 3.1.6 (/opt/ros/humble/share/rosidl_generator_cpp/cmake)
-- Using all available rosidl_typesupport_c: rosidl_typesupport_fastrtps_c;rosidl_typesupport_introspection_c
-- Using all available rosidl_typesupport_cpp: rosidl_typesupport_fastrtps_cpp;rosidl_typesupport_introspection_cpp
-- Found rmw_implementation_cmake: 6.1.2 (/opt/ros/humble/share/rmw_implementation_cmake/cmake)
-- Found rmw_fastrtps_cpp: 6.2.7 (/opt/ros/humble/share/rmw_fastrtps_cpp/cmake)
-- Found OpenSSL: /usr/lib/x86_64-linux-gnu/libcrypto.so (found version "3.0.2")  
-- Found FastRTPS: /opt/ros/humble/include  
-- Using RMW implementation 'rmw_fastrtps_cpp' as default
-- Looking for pthread.h
-- Looking for pthread.h - found
-- Performing Test CMAKE_HAVE_LIBC_PTHREAD
-- Performing Test CMAKE_HAVE_LIBC_PTHREAD - Success
-- Found Threads: TRUE  
-- Found rclpy: 3.3.16 (/opt/ros/humble/share/rclpy/cmake)
-- Found example_interfaces: 0.9.3 (/opt/ros/humble/share/example_interfaces/cmake)
-- Found rosidl_default_generators: 1.2.0 (/opt/ros/humble/share/rosidl_default_generators/cmake)
-- Configuring done
-- Generating done
-- Build files have been written to: /home/yaswhar/ros2_ws/src/rasa_hand_pkg/build/rasa_hand_pkg
[ 25%] [32mBuilding CXX object CMakeFiles/rasa_hand_pkg.dir/src/cpp_node.cpp.o[0m
[ 50%] [32mBuilding CXX object CMakeFiles/cpp_executable.dir/src/cpp_node.cpp.o[0m
[ 50%] Built target ament_cmake_python_copy_rasa_hand_pkg
running egg_info
creating rasa_hand_pkg.egg-info
writing rasa_hand_pkg.egg-info/PKG-INFO
writing dependency_links to rasa_hand_pkg.egg-info/dependency_links.txt
writing top-level names to rasa_hand_pkg.egg-info/top_level.txt
writing manifest file 'rasa_hand_pkg.egg-info/SOURCES.txt'
reading manifest file 'rasa_hand_pkg.egg-info/SOURCES.txt'
writing manifest file 'rasa_hand_pkg.egg-info/SOURCES.txt'
[ 50%] Built target ament_cmake_python_build_rasa_hand_pkg_egg
[ 75%] [32m[1mLinking CXX executable cpp_executable[0m
[100%] [32m[1mLinking CXX static library librasa_hand_pkg.a[0m
[100%] Built target rasa_hand_pkg
[100%] Built target cpp_executable
-- Install configuration: ""
-- Installing: /home/yaswhar/ros2_ws/src/rasa_hand_pkg/install/rasa_hand_pkg/share/rasa_hand_pkg/environment/pythonpath.sh
-- Installing: /home/yaswhar/ros2_ws/src/rasa_hand_pkg/install/rasa_hand_pkg/share/rasa_hand_pkg/environment/pythonpath.dsv
-- Installing: /home/yaswhar/ros2_ws/src/rasa_hand_pkg/install/rasa_hand_pkg/local/lib/python3.10/dist-packages/rasa_hand_pkg-0.0.0-py3.10.egg-info
-- Installing: /home/yaswhar/ros2_ws/src/rasa_hand_pkg/install/rasa_hand_pkg/local/lib/python3.10/dist-packages/rasa_hand_pkg-0.0.0-py3.10.egg-info/dependency_links.txt
-- Installing: /home/yaswhar/ros2_ws/src/rasa_hand_pkg/install/rasa_hand_pkg/local/lib/python3.10/dist-packages/rasa_hand_pkg-0.0.0-py3.10.egg-info/PKG-INFO
-- Installing: /home/yaswhar/ros2_ws/src/rasa_hand_pkg/install/rasa_hand_pkg/local/lib/python3.10/dist-packages/rasa_hand_pkg-0.0.0-py3.10.egg-info/SOURCES.txt
-- Installing: /home/yaswhar/ros2_ws/src/rasa_hand_pkg/install/rasa_hand_pkg/local/lib/python3.10/dist-packages/rasa_hand_pkg-0.0.0-py3.10.egg-info/top_level.txt
-- Installing: /home/yaswhar/ros2_ws/src/rasa_hand_pkg/install/rasa_hand_pkg/local/lib/python3.10/dist-packages/rasa_hand_pkg
-- Installing: /home/yaswhar/ros2_ws/src/rasa_hand_pkg/install/rasa_hand_pkg/local/lib/python3.10/dist-packages/rasa_hand_pkg/__init__.py
Listing '/home/yaswhar/ros2_ws/src/rasa_hand_pkg/install/rasa_hand_pkg/local/lib/python3.10/dist-packages/rasa_hand_pkg'...
Compiling '/home/yaswhar/ros2_ws/src/rasa_hand_pkg/install/rasa_hand_pkg/local/lib/python3.10/dist-packages/rasa_hand_pkg/__init__.py'...
-- Installing: /home/yaswhar/ros2_ws/src/rasa_hand_pkg/install/rasa_hand_pkg/lib/rasa_hand_pkg/servo_tester_node.py
-- Installing: /home/yaswhar/ros2_ws/src/rasa_hand_pkg/install/rasa_hand_pkg/lib/rasa_hand_pkg/cpp_executable
-- Set runtime path of "/home/yaswhar/ros2_ws/src/rasa_hand_pkg/install/rasa_hand_pkg/lib/rasa_hand_pkg/cpp_executable" to ""
-- Installing: /home/yaswhar/ros2_ws/src/rasa_hand_pkg/install/rasa_hand_pkg/include/rasa_hand_pkg
-- Installing: /home/yaswhar/ros2_ws/src/rasa_hand_pkg/install/rasa_hand_pkg/include/rasa_hand_pkg/cpp_header.hpp
-- Installing: /home/yaswhar/ros2_ws/src/rasa_hand_pkg/install/rasa_hand_pkg/share/rasa_hand_pkg//launch
-- Installing: /home/yaswhar/ros2_ws/src/rasa_hand_pkg/install/rasa_hand_pkg/share/rasa_hand_pkg//launch/rasa_hand._pkg.launch.py
-- Installing: /home/yaswhar/ros2_ws/src/rasa_hand_pkg/install/rasa_hand_pkg/share/ament_index/resource_index/package_run_dependencies/rasa_hand_pkg
-- Installing: /home/yaswhar/ros2_ws/src/rasa_hand_pkg/install/rasa_hand_pkg/share/ament_index/resource_index/parent_prefix_path/rasa_hand_pkg
-- Installing: /home/yaswhar/ros2_ws/src/rasa_hand_pkg/install/rasa_hand_pkg/share/rasa_hand_pkg/environment/ament_prefix_path.sh
-- Installing: /home/yaswhar/ros2_ws/src/rasa_hand_pkg/install/rasa_hand_pkg/share/rasa_hand_pkg/environment/ament_prefix_path.dsv
-- Installing: /home/yaswhar/ros2_ws/src/rasa_hand_pkg/install/rasa_hand_pkg/share/rasa_hand_pkg/environment/path.sh
-- Installing: /home/yaswhar/ros2_ws/src/rasa_hand_pkg/install/rasa_hand_pkg/share/rasa_hand_pkg/environment/path.dsv
-- Installing: /home/yaswhar/ros2_ws/src/rasa_hand_pkg/install/rasa_hand_pkg/share/rasa_hand_pkg/local_setup.bash
-- Installing: /home/yaswhar/ros2_ws/src/rasa_hand_pkg/install/rasa_hand_pkg/share/rasa_hand_pkg/local_setup.sh
-- Installing: /home/yaswhar/ros2_ws/src/rasa_hand_pkg/install/rasa_hand_pkg/share/rasa_hand_pkg/local_setup.zsh
-- Installing: /home/yaswhar/ros2_ws/src/rasa_hand_pkg/install/rasa_hand_pkg/share/rasa_hand_pkg/local_setup.dsv
-- Installing: /home/yaswhar/ros2_ws/src/rasa_hand_pkg/install/rasa_hand_pkg/share/rasa_hand_pkg/package.dsv
-- Installing: /home/yaswhar/ros2_ws/src/rasa_hand_pkg/install/rasa_hand_pkg/share/ament_index/resource_index/packages/rasa_hand_pkg
-- Installing: /home/yaswhar/ros2_ws/src/rasa_hand_pkg/install/rasa_hand_pkg/share/rasa_hand_pkg/cmake/rasa_hand_pkgConfig.cmake
-- Installing: /home/yaswhar/ros2_ws/src/rasa_hand_pkg/install/rasa_hand_pkg/share/rasa_hand_pkg/cmake/rasa_hand_pkgConfig-version.cmake
-- Installing: /home/yaswhar/ros2_ws/src/rasa_hand_pkg/install/rasa_hand_pkg/share/rasa_hand_pkg/package.xml
