[0.023s] Invoking command in '/home/yaswhar/ros2_ws/src/rasa_hand_pkg/build/rasa_hand_pkg': CMAKE_PREFIX_PATH=${CMAKE_PREFIX_PATH}:/home/yaswhar/ros2_ws/install/yashar_turtle_chase:/home/yaswhar/ros2_ws/install/turtlesim_catch_them_all:/home/yaswhar/ros2_ws/install/my_py_pkg:/home/yaswhar/install/yashar_turtle_chase:/opt/ros/humble /usr/bin/cmake /home/yaswhar/ros2_ws/src/rasa_hand_pkg -DCMAKE_INSTALL_PREFIX=/home/yaswhar/ros2_ws/src/rasa_hand_pkg/install/rasa_hand_pkg
[0.400s] -- The C compiler identification is GNU 11.4.0
[1.765s] -- The CXX compiler identification is GNU 11.4.0
[2.769s] -- Detecting C compiler ABI info
[3.152s] -- Detecting C compiler ABI info - done
[3.161s] -- Check for working C compiler: /usr/bin/cc - skipped
[3.161s] -- Detecting C compile features
[3.161s] -- Detecting C compile features - done
[3.165s] -- Detecting CXX compiler ABI info
[3.541s] -- Detecting CXX compiler ABI info - done
[3.551s] -- Check for working CXX compiler: /usr/bin/c++ - skipped
[3.552s] -- Detecting CXX compile features
[3.552s] -- Detecting CXX compile features - done
[3.556s] -- Found ament_cmake: 1.3.11 (/opt/ros/humble/share/ament_cmake/cmake)
[3.747s] -- Found Python3: /usr/bin/python3 (found version "3.10.12") found components: Interpreter 
[3.867s] -- Found rclcpp: 16.0.12 (/opt/ros/humble/share/rclcpp/cmake)
[4.258s] -- Found rosidl_generator_c: 3.1.6 (/opt/ros/humble/share/rosidl_generator_c/cmake)
[4.264s] -- Found rosidl_adapter: 3.1.6 (/opt/ros/humble/share/rosidl_adapter/cmake)
[4.274s] -- Found rosidl_generator_cpp: 3.1.6 (/opt/ros/humble/share/rosidl_generator_cpp/cmake)
[4.289s] -- Using all available rosidl_typesupport_c: rosidl_typesupport_fastrtps_c;rosidl_typesupport_introspection_c
[4.310s] -- Using all available rosidl_typesupport_cpp: rosidl_typesupport_fastrtps_cpp;rosidl_typesupport_introspection_cpp
[4.389s] -- Found rmw_implementation_cmake: 6.1.2 (/opt/ros/humble/share/rmw_implementation_cmake/cmake)
[4.395s] -- Found rmw_fastrtps_cpp: 6.2.7 (/opt/ros/humble/share/rmw_fastrtps_cpp/cmake)
[7.865s] -- Found OpenSSL: /usr/lib/x86_64-linux-gnu/libcrypto.so (found version "3.0.2")  
[11.349s] -- Found FastRTPS: /opt/ros/humble/include  
[17.866s] -- Using RMW implementation 'rmw_fastrtps_cpp' as default
[17.875s] -- Looking for pthread.h
[18.239s] -- Looking for pthread.h - found
[18.239s] -- Performing Test CMAKE_HAVE_LIBC_PTHREAD
[18.590s] -- Performing Test CMAKE_HAVE_LIBC_PTHREAD - Success
[18.591s] -- Found Threads: TRUE  
[18.656s] -- Found rclpy: 3.3.16 (/opt/ros/humble/share/rclpy/cmake)
[18.660s] -- Found example_interfaces: 0.9.3 (/opt/ros/humble/share/example_interfaces/cmake)
[18.713s] -- Found rosidl_default_generators: 1.2.0 (/opt/ros/humble/share/rosidl_default_generators/cmake)
[18.917s] -- Configuring done
[18.964s] -- Generating done
[18.972s] -- Build files have been written to: /home/yaswhar/ros2_ws/src/rasa_hand_pkg/build/rasa_hand_pkg
[18.985s] Invoked command in '/home/yaswhar/ros2_ws/src/rasa_hand_pkg/build/rasa_hand_pkg' returned '0': CMAKE_PREFIX_PATH=${CMAKE_PREFIX_PATH}:/home/yaswhar/ros2_ws/install/yashar_turtle_chase:/home/yaswhar/ros2_ws/install/turtlesim_catch_them_all:/home/yaswhar/ros2_ws/install/my_py_pkg:/home/yaswhar/install/yashar_turtle_chase:/opt/ros/humble /usr/bin/cmake /home/yaswhar/ros2_ws/src/rasa_hand_pkg -DCMAKE_INSTALL_PREFIX=/home/yaswhar/ros2_ws/src/rasa_hand_pkg/install/rasa_hand_pkg
[18.990s] Invoking command in '/home/yaswhar/ros2_ws/src/rasa_hand_pkg/build/rasa_hand_pkg': CMAKE_PREFIX_PATH=${CMAKE_PREFIX_PATH}:/home/yaswhar/ros2_ws/install/yashar_turtle_chase:/home/yaswhar/ros2_ws/install/turtlesim_catch_them_all:/home/yaswhar/ros2_ws/install/my_py_pkg:/home/yaswhar/install/yashar_turtle_chase:/opt/ros/humble /usr/bin/cmake --build /home/yaswhar/ros2_ws/src/rasa_hand_pkg/build/rasa_hand_pkg -- -j12 -l12
[19.042s] [ 25%] [32mBuilding CXX object CMakeFiles/rasa_hand_pkg.dir/src/cpp_node.cpp.o[0m
[19.043s] [ 50%] [32mBuilding CXX object CMakeFiles/cpp_executable.dir/src/cpp_node.cpp.o[0m
[19.052s] [ 50%] Built target ament_cmake_python_copy_rasa_hand_pkg
[19.363s] running egg_info
[19.364s] creating rasa_hand_pkg.egg-info
[19.365s] writing rasa_hand_pkg.egg-info/PKG-INFO
[19.366s] writing dependency_links to rasa_hand_pkg.egg-info/dependency_links.txt
[19.367s] writing top-level names to rasa_hand_pkg.egg-info/top_level.txt
[19.367s] writing manifest file 'rasa_hand_pkg.egg-info/SOURCES.txt'
[19.371s] reading manifest file 'rasa_hand_pkg.egg-info/SOURCES.txt'
[19.372s] writing manifest file 'rasa_hand_pkg.egg-info/SOURCES.txt'
[19.420s] [ 50%] Built target ament_cmake_python_build_rasa_hand_pkg_egg
[23.887s] [ 75%] [32m[1mLinking CXX executable cpp_executable[0m
[24.010s] [100%] [32m[1mLinking CXX static library librasa_hand_pkg.a[0m
[24.076s] [100%] Built target rasa_hand_pkg
[24.384s] [100%] Built target cpp_executable
[24.398s] Invoked command in '/home/yaswhar/ros2_ws/src/rasa_hand_pkg/build/rasa_hand_pkg' returned '0': CMAKE_PREFIX_PATH=${CMAKE_PREFIX_PATH}:/home/yaswhar/ros2_ws/install/yashar_turtle_chase:/home/yaswhar/ros2_ws/install/turtlesim_catch_them_all:/home/yaswhar/ros2_ws/install/my_py_pkg:/home/yaswhar/install/yashar_turtle_chase:/opt/ros/humble /usr/bin/cmake --build /home/yaswhar/ros2_ws/src/rasa_hand_pkg/build/rasa_hand_pkg -- -j12 -l12
[24.413s] Invoking command in '/home/yaswhar/ros2_ws/src/rasa_hand_pkg/build/rasa_hand_pkg': CMAKE_PREFIX_PATH=${CMAKE_PREFIX_PATH}:/home/yaswhar/ros2_ws/install/yashar_turtle_chase:/home/yaswhar/ros2_ws/install/turtlesim_catch_them_all:/home/yaswhar/ros2_ws/install/my_py_pkg:/home/yaswhar/install/yashar_turtle_chase:/opt/ros/humble /usr/bin/cmake --install /home/yaswhar/ros2_ws/src/rasa_hand_pkg/build/rasa_hand_pkg
[24.419s] -- Install configuration: ""
[24.420s] -- Installing: /home/yaswhar/ros2_ws/src/rasa_hand_pkg/install/rasa_hand_pkg/share/rasa_hand_pkg/environment/pythonpath.sh
[24.421s] -- Installing: /home/yaswhar/ros2_ws/src/rasa_hand_pkg/install/rasa_hand_pkg/share/rasa_hand_pkg/environment/pythonpath.dsv
[24.421s] -- Installing: /home/yaswhar/ros2_ws/src/rasa_hand_pkg/install/rasa_hand_pkg/local/lib/python3.10/dist-packages/rasa_hand_pkg-0.0.0-py3.10.egg-info
[24.423s] -- Installing: /home/yaswhar/ros2_ws/src/rasa_hand_pkg/install/rasa_hand_pkg/local/lib/python3.10/dist-packages/rasa_hand_pkg-0.0.0-py3.10.egg-info/dependency_links.txt
[24.424s] -- Installing: /home/yaswhar/ros2_ws/src/rasa_hand_pkg/install/rasa_hand_pkg/local/lib/python3.10/dist-packages/rasa_hand_pkg-0.0.0-py3.10.egg-info/PKG-INFO
[24.424s] -- Installing: /home/yaswhar/ros2_ws/src/rasa_hand_pkg/install/rasa_hand_pkg/local/lib/python3.10/dist-packages/rasa_hand_pkg-0.0.0-py3.10.egg-info/SOURCES.txt
[24.425s] -- Installing: /home/yaswhar/ros2_ws/src/rasa_hand_pkg/install/rasa_hand_pkg/local/lib/python3.10/dist-packages/rasa_hand_pkg-0.0.0-py3.10.egg-info/top_level.txt
[24.425s] -- Installing: /home/yaswhar/ros2_ws/src/rasa_hand_pkg/install/rasa_hand_pkg/local/lib/python3.10/dist-packages/rasa_hand_pkg
[24.425s] -- Installing: /home/yaswhar/ros2_ws/src/rasa_hand_pkg/install/rasa_hand_pkg/local/lib/python3.10/dist-packages/rasa_hand_pkg/__init__.py
[24.470s] Listing '/home/yaswhar/ros2_ws/src/rasa_hand_pkg/install/rasa_hand_pkg/local/lib/python3.10/dist-packages/rasa_hand_pkg'...
[24.471s] Compiling '/home/yaswhar/ros2_ws/src/rasa_hand_pkg/install/rasa_hand_pkg/local/lib/python3.10/dist-packages/rasa_hand_pkg/__init__.py'...
[24.480s] -- Installing: /home/yaswhar/ros2_ws/src/rasa_hand_pkg/install/rasa_hand_pkg/lib/rasa_hand_pkg/servo_tester_node.py
[24.480s] -- Installing: /home/yaswhar/ros2_ws/src/rasa_hand_pkg/install/rasa_hand_pkg/lib/rasa_hand_pkg/cpp_executable
[24.481s] -- Set runtime path of "/home/yaswhar/ros2_ws/src/rasa_hand_pkg/install/rasa_hand_pkg/lib/rasa_hand_pkg/cpp_executable" to ""
[24.481s] -- Installing: /home/yaswhar/ros2_ws/src/rasa_hand_pkg/install/rasa_hand_pkg/include/rasa_hand_pkg
[24.482s] -- Installing: /home/yaswhar/ros2_ws/src/rasa_hand_pkg/install/rasa_hand_pkg/include/rasa_hand_pkg/cpp_header.hpp
[24.482s] -- Installing: /home/yaswhar/ros2_ws/src/rasa_hand_pkg/install/rasa_hand_pkg/share/rasa_hand_pkg//launch
[24.483s] -- Installing: /home/yaswhar/ros2_ws/src/rasa_hand_pkg/install/rasa_hand_pkg/share/rasa_hand_pkg//launch/rasa_hand._pkg.launch.py
[24.484s] -- Installing: /home/yaswhar/ros2_ws/src/rasa_hand_pkg/install/rasa_hand_pkg/share/ament_index/resource_index/package_run_dependencies/rasa_hand_pkg
[24.485s] -- Installing: /home/yaswhar/ros2_ws/src/rasa_hand_pkg/install/rasa_hand_pkg/share/ament_index/resource_index/parent_prefix_path/rasa_hand_pkg
[24.486s] -- Installing: /home/yaswhar/ros2_ws/src/rasa_hand_pkg/install/rasa_hand_pkg/share/rasa_hand_pkg/environment/ament_prefix_path.sh
[24.486s] -- Installing: /home/yaswhar/ros2_ws/src/rasa_hand_pkg/install/rasa_hand_pkg/share/rasa_hand_pkg/environment/ament_prefix_path.dsv
[24.486s] -- Installing: /home/yaswhar/ros2_ws/src/rasa_hand_pkg/install/rasa_hand_pkg/share/rasa_hand_pkg/environment/path.sh
[24.487s] -- Installing: /home/yaswhar/ros2_ws/src/rasa_hand_pkg/install/rasa_hand_pkg/share/rasa_hand_pkg/environment/path.dsv
[24.487s] -- Installing: /home/yaswhar/ros2_ws/src/rasa_hand_pkg/install/rasa_hand_pkg/share/rasa_hand_pkg/local_setup.bash
[24.488s] -- Installing: /home/yaswhar/ros2_ws/src/rasa_hand_pkg/install/rasa_hand_pkg/share/rasa_hand_pkg/local_setup.sh
[24.488s] -- Installing: /home/yaswhar/ros2_ws/src/rasa_hand_pkg/install/rasa_hand_pkg/share/rasa_hand_pkg/local_setup.zsh
[24.488s] -- Installing: /home/yaswhar/ros2_ws/src/rasa_hand_pkg/install/rasa_hand_pkg/share/rasa_hand_pkg/local_setup.dsv
[24.488s] -- Installing: /home/yaswhar/ros2_ws/src/rasa_hand_pkg/install/rasa_hand_pkg/share/rasa_hand_pkg/package.dsv
[24.488s] -- Installing: /home/yaswhar/ros2_ws/src/rasa_hand_pkg/install/rasa_hand_pkg/share/ament_index/resource_index/packages/rasa_hand_pkg
[24.489s] -- Installing: /home/yaswhar/ros2_ws/src/rasa_hand_pkg/install/rasa_hand_pkg/share/rasa_hand_pkg/cmake/rasa_hand_pkgConfig.cmake
[24.489s] -- Installing: /home/yaswhar/ros2_ws/src/rasa_hand_pkg/install/rasa_hand_pkg/share/rasa_hand_pkg/cmake/rasa_hand_pkgConfig-version.cmake
[24.489s] -- Installing: /home/yaswhar/ros2_ws/src/rasa_hand_pkg/install/rasa_hand_pkg/share/rasa_hand_pkg/package.xml
[24.494s] Invoked command in '/home/yaswhar/ros2_ws/src/rasa_hand_pkg/build/rasa_hand_pkg' returned '0': CMAKE_PREFIX_PATH=${CMAKE_PREFIX_PATH}:/home/yaswhar/ros2_ws/install/yashar_turtle_chase:/home/yaswhar/ros2_ws/install/turtlesim_catch_them_all:/home/yaswhar/ros2_ws/install/my_py_pkg:/home/yaswhar/install/yashar_turtle_chase:/opt/ros/humble /usr/bin/cmake --install /home/yaswhar/ros2_ws/src/rasa_hand_pkg/build/rasa_hand_pkg
